<?xml version="1.0" encoding="UTF-8"?>
<!-- Generated by org.testng.reporters.JUnitXMLReporter -->
<testsuite ignored="0" hostname="LAPTOP-68CFRIHA" failures="1" tests="2" name="MainTest" time="54.738" errors="0" timestamp="2022-12-24T19:32:19 PST">
  <testcase classname="rahulshettyacademy.Tests.StandAloneTest" name="StandAlone" time="15.751"/>
  <testcase classname="rahulshettyacademy.Tests.SubmitorderTest" name="OrderHistory" time="10.789">
    <failure type="java.lang.AssertionError" message="expected [true] but found [false]">
      <![CDATA[java.lang.AssertionError: expected [true] but found [false]
at rahulshettyacademy.Tests.SubmitorderTest.OrderHistory(SubmitorderTest.java:68)
at java.base/java.util.ArrayList.forEach(ArrayList.java:1511)
... Removed 31 stack frames]]>
    </failure>
  </testcase> <!-- OrderHistory -->
</testsuite> <!-- MainTest -->
