<?xml version="1.0" encoding="UTF-8"?>
<!-- Generated by org.testng.reporters.JUnitXMLReporter -->
<testsuite ignored="1" hostname="LAPTOP-68CFRIHA" failures="0" tests="1" name="ErrorTest" time="23.593" errors="0" timestamp="2022-12-25T16:45:33 PST">
  <testcase classname="rahulshettyacademy.Tests.ErrorValidations" name="producterrorvalidation" time="14.436"/>
  <testcase classname="rahulshettyacademy.Tests.ErrorValidations" name="StandAlone" time="0.0">
    <ignored/>
  </testcase> <!-- StandAlone -->
</testsuite> <!-- ErrorTest -->
