<?xml version="1.0" encoding="UTF-8"?>
<testng-results ignored="2" total="3" passed="1" failed="0" skipped="0">
  <reporter-output>
  </reporter-output>
  <suite started-at="2022-12-25T16:45:10 PST" name="Suite" finished-at="2022-12-25T16:45:33 PST" duration-ms="23665">
    <groups>
      <group name="smoke">
        <method signature="ErrorValidations.producterrorvalidation()[pri:0, instance:rahulshettyacademy.Tests.ErrorValidations@cecf639]" name="producterrorvalidation" class="rahulshettyacademy.Tests.ErrorValidations"/>
      </group> <!-- smoke -->
    </groups>
    <test started-at="2022-12-25T16:45:10 PST" name="MainTest" finished-at="2022-12-25T16:45:10 PST" duration-ms="19">
    </test> <!-- MainTest -->
    <test started-at="2022-12-25T16:45:10 PST" name="ErrorTest" finished-at="2022-12-25T16:45:33 PST" duration-ms="23593">
      <class name="rahulshettyacademy.Tests.ErrorValidations">
        <test-method is-config="true" signature="LaunchApplication()[pri:0, instance:rahulshettyacademy.Tests.ErrorValidations@cecf639]" started-at="2022-12-25T16:45:10 PST" name="LaunchApplication" finished-at="2022-12-25T16:45:19 PST" duration-ms="9077" status="PASS">
          <reporter-output>
          </reporter-output>
        </test-method> <!-- LaunchApplication -->
        <test-method signature="producterrorvalidation()[pri:0, instance:rahulshettyacademy.Tests.ErrorValidations@cecf639]" started-at="2022-12-25T16:45:19 PST" name="producterrorvalidation" finished-at="2022-12-25T16:45:33 PST" duration-ms="14436" status="PASS">
          <reporter-output>
          </reporter-output>
        </test-method> <!-- producterrorvalidation -->
        <test-method is-config="true" signature="teardown()[pri:0, instance:rahulshettyacademy.Tests.ErrorValidations@cecf639]" started-at="2022-12-25T16:45:33 PST" name="teardown" finished-at="2022-12-25T16:45:33 PST" duration-ms="31" status="PASS">
          <reporter-output>
          </reporter-output>
        </test-method> <!-- teardown -->
      </class> <!-- rahulshettyacademy.Tests.ErrorValidations -->
    </test> <!-- ErrorTest -->
  </suite> <!-- Suite -->
</testng-results>
